<?xml version="1.0" encoding="UTF-8"?>
<!-- Generated by org.testng.reporters.JUnitXMLReporter -->
<testsuite ignored="0" hostname="LAPTOP-H61DAP59" failures="0" tests="4" name="Test" time="0.07" errors="0" timestamp="2023-06-01T15:04:22 IST">
  <testcase classname="scripts.TestCase_4" name="tc4" time="0.013"/>
  <testcase classname="scripts.TestCase_3" name="tc3" time="0.001"/>
  <testcase classname="scripts.TestCase_2" name="tc2" time="0.001"/>
  <testcase classname="scripts.TestCase_1" name="tc1" time="0.001"/>
</testsuite> <!-- Test -->
