<?xml version="1.0" encoding="UTF-8"?>
<testng-results ignored="0" total="4" passed="4" failed="0" skipped="0">
  <reporter-output>
    <line>
      <![CDATA[hello Selenium]]>
    </line>
    <line>
      <![CDATA[hello API]]>
    </line>
    <line>
      <![CDATA[hello MT]]>
    </line>
    <line>
      <![CDATA[hello Java]]>
    </line>
  </reporter-output>
  <suite started-at="2023-06-01T15:04:21 IST" name="Suite" finished-at="2023-06-01T15:04:22 IST" duration-ms="70">
    <groups>
    </groups>
    <test started-at="2023-06-01T15:04:21 IST" name="Test" finished-at="2023-06-01T15:04:22 IST" duration-ms="70">
      <class name="scripts.TestCase_4">
        <test-method signature="tc4()[pri:0, instance:scripts.TestCase_4@2053d869]" started-at="2023-06-01T15:04:22 IST" name="tc4" finished-at="2023-06-01T15:04:22 IST" duration-ms="13" status="PASS">
          <reporter-output>
            <line>
              <![CDATA[hello Selenium]]>
            </line>
          </reporter-output>
        </test-method> <!-- tc4 -->
      </class> <!-- scripts.TestCase_4 -->
      <class name="scripts.TestCase_3">
        <test-method signature="tc3()[pri:0, instance:scripts.TestCase_3@5fbdfdcf]" started-at="2023-06-01T15:04:22 IST" name="tc3" finished-at="2023-06-01T15:04:22 IST" duration-ms="1" status="PASS">
          <reporter-output>
            <line>
              <![CDATA[hello API]]>
            </line>
          </reporter-output>
        </test-method> <!-- tc3 -->
      </class> <!-- scripts.TestCase_3 -->
      <class name="scripts.TestCase_2">
        <test-method signature="tc2()[pri:0, instance:scripts.TestCase_2@4efc180e]" started-at="2023-06-01T15:04:22 IST" name="tc2" finished-at="2023-06-01T15:04:22 IST" duration-ms="1" status="PASS">
          <reporter-output>
            <line>
              <![CDATA[hello MT]]>
            </line>
          </reporter-output>
        </test-method> <!-- tc2 -->
      </class> <!-- scripts.TestCase_2 -->
      <class name="scripts.TestCase_1">
        <test-method signature="tc1()[pri:0, instance:scripts.TestCase_1@bd4dc25]" started-at="2023-06-01T15:04:22 IST" name="tc1" finished-at="2023-06-01T15:04:22 IST" duration-ms="1" status="PASS">
          <reporter-output>
            <line>
              <![CDATA[hello Java]]>
            </line>
          </reporter-output>
        </test-method> <!-- tc1 -->
      </class> <!-- scripts.TestCase_1 -->
    </test> <!-- Test -->
  </suite> <!-- Suite -->
</testng-results>
